<?xml version="1.0" encoding="UTF-8"?>
<!-- Generated by org.testng.reporters.JUnitReportReporter -->
<testsuite hostname="LAPTOP-CEFU9615" failures="0" tests="2" name="basic.getrequestdemo" time="4.575" errors="0" timestamp="26 Aug 2018 23:30:57 GMT" skipped="0">
  <testcase classname="basic.getrequestdemo" name="responseVerification" time="3.107"/>
  <testcase classname="basic.getrequestdemo" name="statuscodeVerification" time="1.468"/>
</testsuite> <!-- basic.getrequestdemo -->
